Arguments: 
  /usr/local/bin/node /usr/local/Cellar/yarn/1.17.3/libexec/bin/yarn.js add @babeltypes

PATH: 
  /Users/tyokinuhata/google-cloud-sdk/bin:/Users/tyokinuhata/flutter/bin:/Users/tyokinuhata/.cargo/bin:/Applications/calibre.app/Contents/MacOS:/Users/tyokinuhata/.composer/vendor/bin:/usr/local/opt/php@7.2/bin:/Users/tyokinuhata/.pyenv/shims:/usr/local/bin:/usr/bin:/bin:/usr/sbin:/sbin:/Library/Frameworks/Mono.framework/Versions/Current/Commands:/Applications/Wireshark.app/Contents/MacOS:/Users/tyokinuhata/flutter/bin:/Users/tyokinuhata/.cargo/bin:/Applications/calibre.app/Contents/MacOS:/Users/tyokinuhata/.composer/vendor/bin:/usr/local/opt/php@7.2/bin:/Users/tyokinuhata/.pyenv/shims:/usr/local/bin

Yarn version: 
  1.17.3

Node version: 
  10.16.0

Platform: 
  darwin x64

Trace: 
  Error: https://registry.yarnpkg.com/@babeltypes: Request "https://registry.yarnpkg.com/@babeltypes" returned a 405
      at Request.params.callback [as _callback] (/usr/local/Cellar/yarn/1.17.3/libexec/lib/cli.js:66839:18)
      at Request.self.callback (/usr/local/Cellar/yarn/1.17.3/libexec/lib/cli.js:140464:22)
      at Request.emit (events.js:198:13)
      at Request.<anonymous> (/usr/local/Cellar/yarn/1.17.3/libexec/lib/cli.js:141436:10)
      at Request.emit (events.js:198:13)
      at IncomingMessage.<anonymous> (/usr/local/Cellar/yarn/1.17.3/libexec/lib/cli.js:141358:12)
      at Object.onceWrapper (events.js:286:20)
      at IncomingMessage.emit (events.js:203:15)
      at endReadableNT (_stream_readable.js:1129:12)
      at process._tickCallback (internal/process/next_tick.js:63:19)

npm manifest: 
  No manifest

yarn manifest: 
  No manifest

Lockfile: 
  No lockfile
